\BOOKMARK [0][-]{chapter.1}{Introdu\347\343o}{}% 1
\BOOKMARK [1][-]{section.1.1}{Objetivo}{chapter.1}% 2
\BOOKMARK [1][-]{section.1.2}{Quest\365es\040de\040Pesquisa}{chapter.1}% 3
\BOOKMARK [0][-]{chapter.2}{Conceitos}{}% 4
\BOOKMARK [1][-]{section.2.1}{Processamento\040de\040linguagem\040natural}{chapter.2}% 5
\BOOKMARK [1][-]{section.2.2}{Representa\347\343o\040de\040textos}{chapter.2}% 6
\BOOKMARK [2][-]{subsection.2.2.1}{TFIDF}{section.2.2}% 7
\BOOKMARK [2][-]{subsection.2.2.2}{Word\040embedding}{section.2.2}% 8
\BOOKMARK [1][-]{section.2.3}{Similaridade\040de\040textos}{chapter.2}% 9
\BOOKMARK [2][-]{subsection.2.3.1}{Palavras\040chaves}{section.2.3}% 10
\BOOKMARK [2][-]{subsection.2.3.2}{Frequ\352ncia\040de\040palavras}{section.2.3}% 11
\BOOKMARK [2][-]{subsection.2.3.3}{Dist\342ncia\040de\040Jaccard}{section.2.3}% 12
\BOOKMARK [2][-]{subsection.2.3.4}{Dist\342ncia\040de\040Cosseno}{section.2.3}% 13
\BOOKMARK [2][-]{subsection.2.3.5}{Dist\342ncia\040Euclidiana}{section.2.3}% 14
\BOOKMARK [2][-]{subsection.2.3.6}{Language\040Models}{section.2.3}% 15
\BOOKMARK [3][-]{subsubsection.2.3.6.1}{Parafraseamento}{subsection.2.3.6}% 16
\BOOKMARK [1][-]{section.2.4}{M\351tricas\040de\040avalia\347\343o}{chapter.2}% 17
\BOOKMARK [2][-]{subsection.2.4.1}{Acur\341cia}{section.2.4}% 18
\BOOKMARK [0][-]{chapter.3}{Revis\343o\040Bibliogr\341fica}{}% 19
\BOOKMARK [0][-]{chapter.4}{Metodologia}{}% 20
\BOOKMARK [1][-]{section.4.1}{Abordagem\040de\040pesquisa:}{chapter.4}% 21
\BOOKMARK [1][-]{section.4.2}{Bases\040de\040dados:}{chapter.4}% 22
\BOOKMARK [1][-]{section.4.3}{Materiais:}{chapter.4}% 23
\BOOKMARK [1][-]{section.4.4}{M\351todos:}{chapter.4}% 24
\BOOKMARK [1][-]{section.4.5}{Avalia\347\343o:}{chapter.4}% 25
\BOOKMARK [0][-]{chapter.5}{PROPOSTA\040EXPERIMENTAL}{}% 26
\BOOKMARK [0][-]{chapter.6}{CONCLUS\303O}{}% 27
