This is pdfTeX, Version 3.141592653-2.6-1.40.22 (TeX Live 2022/dev/Debian) (preloaded format=pdflatex 2024.6.2)  3 JUN 2024 00:18
entering extended mode
 restricted \write18 enabled.
 %&-line parsing enabled.
**main.tex
(./main.tex
LaTeX2e <2021-11-15> patch level 1
L3 programming layer <2022-01-21> (./fei.cls
Document Class: fei 2022/12/23 4.10.4 Modelo da FEI
(/usr/share/texlive/texmf-dist/tex/latex/kvoptions/kvoptions.sty
Package: kvoptions 2020-10-07 v3.14 Key value format for package options (HO)

(/usr/share/texlive/texmf-dist/tex/latex/graphics/keyval.sty
Package: keyval 2014/10/28 v1.15 key=value parser (DPC)
\KV@toks@=\toks16
)
(/usr/share/texlive/texmf-dist/tex/generic/ltxcmds/ltxcmds.sty
Package: ltxcmds 2020-05-10 v1.25 LaTeX kernel commands for general use (HO)
)
(/usr/share/texlive/texmf-dist/tex/generic/kvsetkeys/kvsetkeys.sty
Package: kvsetkeys 2019/12/15 v1.18 Key value parser (HO)
))
(/home/eu/texmf/tex/latex/newtx/tex/newtxtext.sty
Package: newtxtext 2024/04/01 v1.744(Michael Sharpe) latex and unicode latex su
pport for TeXGyreTermesX

`newtxtext' v1.744, 2024/04/01 Text macros taking advantage of TeXGyre Termes a
nd its extensions (msharpe)
(/usr/share/texlive/texmf-dist/tex/latex/xpatch/xpatch.sty
(/usr/share/texlive/texmf-dist/tex/latex/l3kernel/expl3.sty
Package: expl3 2022-01-21 L3 programming layer (loader) 

(/usr/share/texlive/texmf-dist/tex/latex/l3backend/l3backend-pdftex.def
File: l3backend-pdftex.def 2022-01-12 L3 backend support: PDF output (pdfTeX)
\l__color_backend_stack_int=\count185
\l__pdf_internal_box=\box50
))
Package: xpatch 2020/03/25 v0.3a Extending etoolbox patching commands

(/usr/share/texlive/texmf-dist/tex/latex/l3packages/xparse/xparse.sty
Package: xparse 2022-01-12 L3 Experimental document command parser
)
(/usr/share/texlive/texmf-dist/tex/latex/etoolbox/etoolbox.sty
Package: etoolbox 2020/10/05 v2.5k e-TeX tools for LaTeX (JAW)
\etb@tempcnta=\count186
))
(/usr/share/texlive/texmf-dist/tex/latex/xcolor/xcolor.sty
Package: xcolor 2021/10/31 v2.13 LaTeX color extensions (UK)

(/usr/share/texlive/texmf-dist/tex/latex/graphics-cfg/color.cfg
File: color.cfg 2016/01/02 v1.6 sample color configuration
)
Package xcolor Info: Driver file: pdftex.def on input line 227.

(/usr/share/texlive/texmf-dist/tex/latex/graphics-def/pdftex.def
File: pdftex.def 2020/10/05 v1.2a Graphics/color driver for pdftex
)
Package xcolor Info: Model `cmy' substituted by `cmy0' on input line 1352.
Package xcolor Info: Model `hsb' substituted by `rgb' on input line 1356.
Package xcolor Info: Model `RGB' extended on input line 1368.
Package xcolor Info: Model `HTML' substituted by `rgb' on input line 1370.
Package xcolor Info: Model `Hsb' substituted by `hsb' on input line 1371.
Package xcolor Info: Model `tHsb' substituted by `hsb' on input line 1372.
Package xcolor Info: Model `HSB' substituted by `hsb' on input line 1373.
Package xcolor Info: Model `Gray' substituted by `gray' on input line 1374.
Package xcolor Info: Model `wave' substituted by `hsb' on input line 1375.
)
(/usr/share/texlive/texmf-dist/tex/generic/iftex/iftex.sty
Package: iftex 2020/03/06 v1.0d TeX engine tests
)
(/usr/share/texlive/texmf-dist/tex/latex/xkeyval/xkeyval.sty
Package: xkeyval 2020/11/20 v2.8 package option processing (HA)

(/usr/share/texlive/texmf-dist/tex/generic/xkeyval/xkeyval.tex
(/usr/share/texlive/texmf-dist/tex/generic/xkeyval/xkvutils.tex
\XKV@toks=\toks17
\XKV@tempa@toks=\toks18
)
\XKV@depth=\count187
File: xkeyval.tex 2014/12/03 v2.7a key=value parser (HA)
))
(/usr/share/texlive/texmf-dist/tex/latex/base/textcomp.sty
Package: textcomp 2020/02/02 v2.0n Standard LaTeX package
)
(/usr/share/texlive/texmf-dist/tex/generic/xstring/xstring.sty
(/usr/share/texlive/texmf-dist/tex/generic/xstring/xstring.tex
\integerpart=\count188
\decimalpart=\count189
)
Package: xstring 2021/07/21 v1.84 String manipulations (CT)
)
(/usr/share/texlive/texmf-dist/tex/latex/base/ifthen.sty
Package: ifthen 2020/11/24 v1.1c Standard LaTeX ifthen package (DPC)
)
(/usr/share/texlive/texmf-dist/tex/latex/carlisle/scalefnt.sty)
LaTeX Font Info:    Setting ntxLF sub-encoding to TS1/0 on input line 24.
LaTeX Font Info:    Setting ntxTLF sub-encoding to TS1/0 on input line 24.
LaTeX Font Info:    Setting ntxOsF sub-encoding to TS1/0 on input line 24.
LaTeX Font Info:    Setting ntxTOsF sub-encoding to TS1/0 on input line 24.

(/usr/share/texlive/texmf-dist/tex/generic/kastrup/binhex.tex)
\ntx@tmpcnta=\count190
\ntx@cnt=\count191

(/usr/share/texlive/texmf-dist/tex/latex/fontaxes/fontaxes.sty
Package: fontaxes 2020/07/21 v1.0e Font selection axes
LaTeX Info: Redefining \upshape on input line 29.
LaTeX Info: Redefining \itshape on input line 31.
LaTeX Info: Redefining \slshape on input line 33.
LaTeX Info: Redefining \swshape on input line 35.
LaTeX Info: Redefining \scshape on input line 37.
LaTeX Info: Redefining \sscshape on input line 39.
LaTeX Info: Redefining \ulcshape on input line 41.
LaTeX Info: Redefining \textsw on input line 47.
LaTeX Info: Redefining \textssc on input line 48.
LaTeX Info: Redefining \textulc on input line 49.
)
\tx@sixem=\dimen138
\tx@y=\dimen139
\tx@x=\dimen140
\tx@tmpdima=\dimen141
\tx@tmpdimb=\dimen142
\tx@tmpdimc=\dimen143
\tx@tmpdimd=\dimen144
\tx@tmpdime=\dimen145
\tx@tmpdimf=\dimen146
\tx@dimA=\dimen147
\tx@dimAA=\dimen148
\tx@dimB=\dimen149
\tx@dimBB=\dimen150
\tx@dimC=\dimen151
LaTeX Info: Redefining \oldstylenums on input line 902.
)
(/usr/share/texlive/texmf-dist/tex/latex/memoir/memoir.cls
Document Class: memoir 2021/06/16 v3.7p configurable book, report, article docu
ment class
\onelineskip=\skip47
\lxvchars=\skip48
\xlvchars=\skip49
\@memcnta=\count192
\c@@memmarkcntra=\count193

! LaTeX Error: Command \@namelet already defined.
               Or name \end... illegal, see p.192 of the manual.

See the LaTeX manual or LaTeX Companion for explanation.
Type  H <return>  for immediate help.
 ...                                              
                                                  
l.87   \expandafter\let\csname #1\endcsname}
                                            
Your command was ignored.
Type  I <command> <return>  to replace it with another command,
or  <return>  to continue without it.

\stockheight=\skip50
\stockwidth=\skip51
\trimtop=\skip52
\trimedge=\skip53
(/usr/share/texlive/texmf-dist/tex/latex/memoir/mem12.clo
File: mem12.clo 2010/10/19 v0.4b memoir class 12pt size option
)
\binding=\skip54
\spinemargin=\skip55
\foremargin=\skip56
\uppermargin=\skip57
\lowermargin=\skip58
\headdrop=\skip59
\normalrulethickness=\skip60
\mem@maxheadheight=\skip61
\mem@maxfootheight=\skip62
\headwidth=\skip63
\c@storedpagenumber=\count194
\memPD=\dimen152
\m@mabparskip=\skip64
\thanksmarkwidth=\skip65
\thanksmarksep=\skip66
\droptitle=\skip67
\c@book=\count195
\c@part=\count196
\c@chapter=\count197
\c@section=\count198
\c@subsection=\count199
\c@subsubsection=\count266
\c@paragraph=\count267
\c@subparagraph=\count268
\beforechapskip=\skip68
\midchapskip=\skip69
\afterchapskip=\skip70
\chapindent=\skip71
\bottomsectionskip=\skip72
\secindent=\skip73
\beforesecskip=\skip74
\aftersecskip=\skip75
\subsecindent=\skip76
\beforesubsecskip=\skip77
\aftersubsecskip=\skip78
\subsubsecindent=\skip79
\beforesubsubsecskip=\skip80
\aftersubsubsecskip=\skip81
\paraindent=\skip82
\beforeparaskip=\skip83
\afterparaskip=\skip84
\subparaindent=\skip85
\beforesubparaskip=\skip86
\aftersubparaskip=\skip87
\pfbreakskip=\skip88
\c@@ppsavesec=\count269
\c@@ppsaveapp=\count270
\ragrparindent=\dimen153
\everylistparindent=\dimen154
\parsepi=\skip89
\topsepi=\skip90
\itemsepi=\skip91
\parsepii=\skip92
\topsepii=\skip93
\topsepiii=\skip94
\itemsepii=\skip95
\itemsepiii=\skip96
\partopsepii=\skip97
\partopsepiii=\skip98
\m@msavetopsep=\skip99
\m@msavepartopsep=\skip100
\@enLab=\toks19
\abstitleskip=\skip101
\absleftindent=\skip102
\abs@leftindent=\dimen155
\absrightindent=\skip103
\absparindent=\skip104
\absparsep=\skip105
\c@vslineno=\count271
\c@poemline=\count272
\c@modulo@vs=\count273
\c@memfvsline=\count274
\vleftskip=\skip106
\vrightskip=\skip107
\stanzaskip=\skip108
\versewidth=\skip109
\vgap=\skip110
\vindent=\skip111
\vleftmargin=\dimen156
\c@verse=\count275
\c@chrsinstr=\count276
\beforepoemtitleskip=\skip112
\afterpoemtitleskip=\skip113
\c@poem=\count277
\beforePoemTitleskip=\skip114
\midPoemTitleskip=\skip115
\afterPoemTitleskip=\skip116

(/usr/share/texlive/texmf-dist/tex/latex/tools/array.sty
Package: array 2021/10/04 v2.5f Tabular extension package (FMi)
\col@sep=\dimen157
\ar@mcellbox=\box51
\extrarowheight=\dimen158
\NC@list=\toks20
\extratabsurround=\skip117
\backup@length=\skip118
\ar@cellbox=\box52
)
(/usr/share/texlive/texmf-dist/tex/latex/tools/dcolumn.sty
Package: dcolumn 2014/10/28 v1.06 decimal alignment package (DPC)
)
(/usr/share/texlive/texmf-dist/tex/latex/tools/delarray.sty
Package: delarray 2014/10/28 v1.01 array delimiter package (DPC)
)
(/usr/share/texlive/texmf-dist/tex/latex/tools/tabularx.sty
Package: tabularx 2020/01/15 v2.11c `tabularx' package (DPC)
\TX@col@width=\dimen159
\TX@old@table=\dimen160
\TX@old@col=\dimen161
\TX@target=\dimen162
\TX@delta=\dimen163
\TX@cols=\count278
\TX@ftn=\toks21
)
\heavyrulewidth=\dimen164
\lightrulewidth=\dimen165
\cmidrulewidth=\dimen166
\belowrulesep=\dimen167
\belowbottomsep=\dimen168
\aboverulesep=\dimen169
\abovetopsep=\dimen170
\cmidrulesep=\dimen171
\cmidrulekern=\dimen172
\defaultaddspace=\dimen173
\@cmidla=\count279
\@cmidlb=\count280
\@aboverulesep=\dimen174
\@belowrulesep=\dimen175
\@thisruleclass=\count281
\@lastruleclass=\count282
\@thisrulewidth=\dimen176
\ctableftskip=\skip119
\ctabrightskip=\skip120
\abovecolumnspenalty=\count283
\@linestogo=\count284
\@cellstogo=\count285
\@cellsincolumn=\count286
\crtok=\toks22
\@mincolumnwidth=\dimen177
\c@newflo@tctr=\count287
\mem@margin@floatbox=\box53
\@contcwidth=\skip121
\@contindw=\skip122
\abovecaptionskip=\skip123
\belowcaptionskip=\skip124
\subfloattopskip=\skip125
\subfloatcapskip=\skip126
\subfloatcaptopadj=\skip127
\subfloatbottomskip=\skip128
\subfloatlabelskip=\skip129
\subfloatcapmargin=\dimen178
\c@@contsubnum=\count288
\m@mscap@capbox=\box54
\m@mscap@fbox=\box55
\sidecapsep=\dimen179
\sidecapwidth=\dimen180
\m@m@tempdima=\dimen181
\m@mscapraise=\dimen182
\sidecapraise=\dimen183
\m@mscapmainwidth=\dimen184
\m@mscaplkern=\dimen185
\beforeepigraphskip=\skip130
\afterepigraphskip=\skip131
\epigraphwidth=\skip132
\epigraphrule=\skip133
LaTeX Info: Redefining \em on input line 7654.
LaTeX Info: Redefining \emph on input line 7662.
\tocentryskip=\skip134
\tocbaseline=\skip135
\cftparskip=\skip136
\cftbeforebookskip=\skip137
\cftbookindent=\dimen186
\cftbooknumwidth=\dimen187
\cftbeforepartskip=\skip138
\cftpartindent=\skip139
\cftpartnumwidth=\skip140
\cftbeforechapterskip=\skip141
\cftchapterindent=\skip142
\cftchapternumwidth=\skip143
\cftbeforesectionskip=\skip144
\cftsectionindent=\skip145
\cftsectionnumwidth=\skip146
\cftbeforesubsectionskip=\skip147
\cftsubsectionindent=\skip148
\cftsubsectionnumwidth=\skip149
\cftbeforesubsubsectionskip=\skip150
\cftsubsubsectionindent=\skip151
\cftsubsubsectionnumwidth=\skip152
\cftbeforeparagraphskip=\skip153
\cftparagraphindent=\skip154
\cftparagraphnumwidth=\skip155
\cftbeforesubparagraphskip=\skip156
\cftsubparagraphindent=\skip157
\cftsubparagraphnumwidth=\skip158
\prechapterprecisshift=\dimen188
\c@maxsecnumdepth=\count289
\bibindent=\dimen189
\bibitemsep=\skip159
\indexcolsep=\skip160
\indexrule=\skip161
\indexmarkstyle=\toks23
\@indexbox=\insert252
\glossarycolsep=\dimen190
\glossaryrule=\dimen191
\sideparvshift=\skip162
\sideins=\insert251
\sidebartopsep=\skip163
\sidebarhsep=\skip164
\sidebarvsep=\skip165
\sidebarwidth=\skip166
\footmarkwidth=\skip167
\footmarksep=\skip168
\footparindent=\skip169
\footinsdim=\skip170
\footinsv@r=\insert250
\@mpfootinsv@r=\insert249
\m@m@k=\count290
\m@m@h=\dimen192
\m@mipn@skip=\skip171
\sidefootins=\insert248
\sidefootadjust=\skip172
\sidefootheight=\skip173
\sidefoothsep=\skip174
\sidefootvsep=\skip175
\sidefootwidth=\skip176
\m@mdownsf=\skip177
\c@sidefootnote=\count291
\sidefootmarkwidth=\skip178
\sidefootmarksep=\skip179
\sidefootparindent=\skip180
\c@pagenote=\count292
\c@pagenoteshadow=\count293
\mem@pn@lastkern=\skip181
\every@verbatim=\toks24
\afterevery@verbatim=\toks25
\verbatim@line=\toks26
\tab@position=\count294

! Missing \endcsname inserted.
<to be read again> 
                   \relax 
l.11115 \@namelet{endverbatim*}\endverbatim
                                           
The control sequence marked <to be read again> should
not appear between \csname and \endcsname.

! Extra \endgroup.
\endverbatim ->\endtrivlist \endgroup 
                                      \@doendpe 
l.11115 \@namelet{endverbatim*}\endverbatim
                                           
Things are pretty mixed up, but I think the worst is over.

! Extra \endcsname.
\XC@let@Nc ...\expandafter #1\csname #2\endcsname 
                                                  
l.11115 \@namelet{endverbatim*}\endverbatim
                                           
I'm ignoring this, since I wasn't doing a \csname.

\verbatim@in@stream=\read2
\verbatimindent=\skip182
\verbatim@out=\write3
\bvboxsep=\skip183
\c@memfbvline=\count295
\c@bvlinectr=\count296
\bvnumlength=\skip184
LaTeX Font Info:    Trying to load font information for OT1+minntx on input lin
e 11385.
(/home/eu/texmf/tex/latex/newtx/tex/ot1minntx.fd
File: ot1minntx.fd 2023/09/09 v1.1 font definition file for OT1/minntx
)
! Undefined control sequence.
<argument> \endboxverbatim 
                           
l.11441 ...melet{endboxedverbatim*}\endboxverbatim
                                                  
The control sequence at the end of the top line
of your error message was never \def'ed. If you have
misspelled it (e.g., `\hobx'), type `I' and the correct
spelling (e.g., `I\hbox'). Otherwise just continue,
and I'll forget about whatever was undefined.

\fb@frw=\dimen193
\fb@frh=\dimen194
\FrameRule=\dimen195
\FrameSep=\dimen196

LaTeX hooks Warning: Generic hook 'package/before/framed' is deprecated.
(hooks)              Use hook 'package/framed/before' instead.

\c@cp@cntr=\count297
\c@ism@mctr=\count298
\c@xsm@mctr=\count299
\c@csm@mctr=\count300
\c@ksm@mctr=\count301
\c@xksm@mctr=\count302
\c@cksm@mctr=\count303
\c@msm@mctr=\count304
\c@xmsm@mctr=\count305
\c@cmsm@mctr=\count306
\c@bsm@mctr=\count307
\c@workm@mctr=\count308
\c@sheetsequence=\count309
\c@lastsheet=\count310
\c@lastpage=\count311
(/usr/share/texlive/texmf-dist/tex/latex/textcase/textcase.sty
Package: textcase 2019/09/14 v1.00 Text only upper/lower case changing (DPC)
)
\c@figure=\count312
\c@lofdepth=\count313
\cftbeforefigureskip=\skip185
\cftfigureindent=\skip186
\cftfigurenumwidth=\skip187
\c@table=\count314
\c@lotdepth=\count315
\cftbeforetableskip=\skip188
\cfttableindent=\skip189
\cfttablenumwidth=\skip190
Package abstract [2008/07/23] emulated by memoir.
Package appendix [2008/07/23] emulated by memoir.
Package booktabs [2016/05/16] emulated by memoir.
Package ccaption [2008/07/23] emulated by memoir.
Package changepage [2008/07/23] emulated by memoir.
Package chngcntr [2008/07/23] emulated by memoir.
Package chngpage [2008/07/23] emulated by memoir.
Package crop emulated by memoir.
Package enumerate [2008/07/23] emulated by memoir.
Package epigraph [2008/07/23] emulated by memoir.
Package ifmtarg [2008/07/23] emulated by memoir.
Package index [2008/07/23] emulated by memoir.
Package makeidx [2008/07/23] emulated by memoir.
Package moreverb [2008/07/23] emulated by memoir.
Package needspace [2008/07/23] emulated by memoir.
Package newfile [2008/07/23] emulated by memoir.
Package nextpage [2008/07/23] emulated by memoir.
Package pagenote [2008/07/23] emulated by memoir.
Package parskip [2008/07/23] emulated by memoir.
Package patchcmd [2008/07/23] emulated by memoir.
Package setspace [2008/07/23] emulated by memoir.
Package shortvrb [2008/07/23] emulated by memoir.
Package showidx [2008/07/23] emulated by memoir.
Package titleref [2008/07/23] emulated by memoir.
Package titling [2008/07/23] emulated by memoir.
Package tocbibind [2008/07/23] emulated by memoir.
Package tocloft [2008/07/23] emulated by memoir.
Package tocvsec2 [2008/07/23] emulated by memoir.
Package verbatim [2008/07/23] emulated by memoir.
Package verse [2008/07/23] emulated by memoir.


LaTeX hooks Warning: Generic hook 'package/before/float' is deprecated.
(hooks)              Use hook 'package/float/before' instead.

) (/usr/share/texlive/texmf-dist/tex/latex/base/inputenc.sty
Package: inputenc 2021/02/14 v1.3d Input encoding file
\inpenc@prehook=\toks27
\inpenc@posthook=\toks28
)
(/usr/share/texlive/texmf-dist/tex/latex/base/fontenc.sty
Package: fontenc 2021/04/29 v2.0v Standard LaTeX package
LaTeX Font Info:    Trying to load font information for T1+minntx on input line
 112.

(/home/eu/texmf/tex/latex/newtx/tex/t1minntx.fd
File: t1minntx.fd 2023/09/09 v1.1 font definition file for T1/minntx
))
(/usr/share/texlive/texmf-dist/tex/latex/microtype/microtype.sty
Package: microtype 2021/12/10 v3.0b Micro-typographical refinements (RS)
\MT@toks=\toks29
\MT@count=\count316
\MT@tempbox=\box56
LaTeX Info: Redefining \leftprotrusion on input line 1010.
LaTeX Info: Redefining \rightprotrusion on input line 1018.
LaTeX Info: Redefining \textls on input line 1173.
\MT@outer@kern=\dimen197
LaTeX Info: Redefining \textmicrotypecontext on input line 1759.
\MT@listname@count=\count317

(/usr/share/texlive/texmf-dist/tex/latex/microtype/microtype-pdftex.def
File: microtype-pdftex.def 2021/12/10 v3.0b Definitions specific to pdftex (RS)

LaTeX Info: Redefining \lsstyle on input line 897.
LaTeX Info: Redefining \lslig on input line 897.
\MT@outer@space=\skip191
)
Package microtype Info: Loading configuration file microtype.cfg.

(/usr/share/texlive/texmf-dist/tex/latex/microtype/microtype.cfg
File: microtype.cfg 2021/12/10 v3.0b microtype main configuration file (RS)
))
(/usr/share/texlive/texmf-dist/tex/generic/babel/babel.sty
Package: babel 2022/01/26 3.70 The Babel package
\babel@savecnt=\count318
\U@D=\dimen198
\l@unhyphenated=\language8

(/usr/share/texlive/texmf-dist/tex/generic/babel/txtbabel.def)
\bbl@readstream=\read3
\bbl@dirlevel=\count319

(/usr/share/texlive/texmf-dist/tex/generic/babel-english/english.ldf
Language: english 2017/06/06 v3.3r English support from the babel system
Package babel Info: Hyphen rules for 'british' set to \l@english
(babel)             (\language0). Reported on input line 82.
Package babel Info: Hyphen rules for 'UKenglish' set to \l@english
(babel)             (\language0). Reported on input line 83.
Package babel Info: Hyphen rules for 'canadian' set to \l@english
(babel)             (\language0). Reported on input line 102.
Package babel Info: Hyphen rules for 'australian' set to \l@english
(babel)             (\language0). Reported on input line 105.
Package babel Info: Hyphen rules for 'newzealand' set to \l@english
(babel)             (\language0). Reported on input line 108.
)
(/usr/share/texlive/texmf-dist/tex/generic/babel-portuges/brazil.ldf
Language: portuges 2021/07/09 v1.2t Portuguese support from the babel system
Package babel Info: Hyphen rules for 'brazil' set to \l@portuguese
(babel)             (\language5). Reported on input line 111.
Package babel Info: Making " an active character on input line 143.
))
(/usr/share/texlive/texmf-dist/tex/latex/csquotes/csquotes.sty
Package: csquotes 2021-02-22 v5.2l context-sensitive quotations (JAW)
\csq@reset=\count320
\csq@gtype=\count321
\csq@glevel=\count322
\csq@qlevel=\count323
\csq@maxlvl=\count324
\csq@tshold=\count325
\csq@ltx@everypar=\toks30

(/usr/share/texlive/texmf-dist/tex/latex/csquotes/csquotes.def
File: csquotes.def 2021-02-22 v5.2l csquotes generic definitions (JAW)
)
Package csquotes Info: Trying to load configuration file 'csquotes.cfg'...
Package csquotes Info: ... configuration file loaded successfully.

(/usr/share/texlive/texmf-dist/tex/latex/csquotes/csquotes.cfg
File: csquotes.cfg 
))
(/usr/share/texlive/texmf-dist/tex/latex/tools/indentfirst.sty
Package: indentfirst 1995/11/23 v1.03 Indent first paragraph (DPC)
)

******************************************************
Stock height and width: 845.04684pt by 597.50787pt
Top and edge trims: 0pt and 0pt
Page height and width: 845.04684pt by 597.50787pt
Text height and width: 708pt by 455pt
Spine and edge margins: 85.35826pt and 56.9055pt
Upper and lower margins: 85.35826pt and 51.68858pt
Headheight and headsep: 14.5pt and 19.8738pt
Footskip: 30pt
Columnsep and columnseprule: 10pt and 0pt
Marginparsep and marginparwidth: 7pt and 42.9055pt
Sidecapsep and sidecapwidth: 7pt and 42pt
Sidebarhsep and sidebarwidth: 7pt and 42pt
Sidebarvsep and sidebartopsep: 14.5pt and 0pt
Sidebarheight: 590.14995pt
Sidefoothsep and sidefootwidth: 7pt and 42pt
Sidefootvsep and sidefootheight: 14.5pt and 590.14995pt
******************************************************

(/usr/share/texlive/texmf-dist/tex/latex/mathtools/mathtools.sty
Package: mathtools 2021/02/02 v1.28 mathematical typesetting tools

(/usr/share/texlive/texmf-dist/tex/latex/tools/calc.sty
Package: calc 2017/05/25 v4.3 Infix arithmetic (KKT,FJ)
\calc@Acount=\count326
\calc@Bcount=\count327
\calc@Adimen=\dimen199
\calc@Bdimen=\dimen256
\calc@Askip=\skip192
\calc@Bskip=\skip193
LaTeX Info: Redefining \setlength on input line 80.
LaTeX Info: Redefining \addtolength on input line 81.
\calc@Ccount=\count328
\calc@Cskip=\skip194
)
(/usr/share/texlive/texmf-dist/tex/latex/mathtools/mhsetup.sty
Package: mhsetup 2021/03/18 v1.4 programming setup (MH)
)
(/usr/share/texlive/texmf-dist/tex/latex/amsmath/amsmath.sty
Package: amsmath 2021/10/15 v2.17l AMS math features
\@mathmargin=\skip195

For additional information on amsmath, use the `?' option.
(/usr/share/texlive/texmf-dist/tex/latex/amsmath/amstext.sty
Package: amstext 2021/08/26 v2.01 AMS text

(/usr/share/texlive/texmf-dist/tex/latex/amsmath/amsgen.sty
File: amsgen.sty 1999/11/30 v2.0 generic functions
\@emptytoks=\toks31
\ex@=\dimen257
))
(/usr/share/texlive/texmf-dist/tex/latex/amsmath/amsbsy.sty
Package: amsbsy 1999/11/29 v1.2d Bold Symbols
\pmbraise@=\dimen258
)
(/usr/share/texlive/texmf-dist/tex/latex/amsmath/amsopn.sty
Package: amsopn 2021/08/26 v2.02 operator names
)
\inf@bad=\count329
LaTeX Info: Redefining \frac on input line 234.
\uproot@=\count330
\leftroot@=\count331
LaTeX Info: Redefining \overline on input line 399.
\classnum@=\count332
\DOTSCASE@=\count333
LaTeX Info: Redefining \ldots on input line 496.
LaTeX Info: Redefining \dots on input line 499.
LaTeX Info: Redefining \cdots on input line 620.
\Mathstrutbox@=\box57
\strutbox@=\box58
\big@size=\dimen259
LaTeX Font Info:    Redeclaring font encoding OML on input line 743.
LaTeX Font Info:    Redeclaring font encoding OMS on input line 744.
\macc@depth=\count334
\c@MaxMatrixCols=\count335
\dotsspace@=\muskip16
\c@parentequation=\count336
\dspbrk@lvl=\count337
\tag@help=\toks32
\row@=\count338
\column@=\count339
\maxfields@=\count340
\andhelp@=\toks33
\eqnshift@=\dimen260
\alignsep@=\dimen261
\tagshift@=\dimen262
\tagwidth@=\dimen263
\totwidth@=\dimen264
\lineht@=\dimen265
\@envbody=\toks34
\multlinegap=\skip196
\multlinetaggap=\skip197
\mathdisplay@stack=\toks35
LaTeX Info: Redefining \[ on input line 2938.
LaTeX Info: Redefining \] on input line 2939.
)
\g_MT_multlinerow_int=\count341
\l_MT_multwidth_dim=\dimen266
\origjot=\skip198
\l_MT_shortvdotswithinadjustabove_dim=\dimen267
\l_MT_shortvdotswithinadjustbelow_dim=\dimen268
\l_MT_above_intertext_sep=\dimen269
\l_MT_below_intertext_sep=\dimen270
\l_MT_above_shortintertext_sep=\dimen271
\l_MT_below_shortintertext_sep=\dimen272
\xmathstrut@box=\box59
\xmathstrut@dim=\dimen273
)
(/usr/share/texmf/tex/latex/lm/lmodern.sty
Package: lmodern 2009/10/30 v1.6 Latin Modern Fonts
LaTeX Font Info:    Overwriting symbol font `operators' in version `normal'
(Font)                  OT1/cmr/m/n --> OT1/lmr/m/n on input line 22.
LaTeX Font Info:    Overwriting symbol font `letters' in version `normal'
(Font)                  OML/cmm/m/it --> OML/lmm/m/it on input line 23.
LaTeX Font Info:    Overwriting symbol font `symbols' in version `normal'
(Font)                  OMS/cmsy/m/n --> OMS/lmsy/m/n on input line 24.
LaTeX Font Info:    Overwriting symbol font `largesymbols' in version `normal'
(Font)                  OMX/cmex/m/n --> OMX/lmex/m/n on input line 25.
LaTeX Font Info:    Overwriting symbol font `operators' in version `bold'
(Font)                  OT1/cmr/bx/n --> OT1/lmr/bx/n on input line 26.
LaTeX Font Info:    Overwriting symbol font `letters' in version `bold'
(Font)                  OML/cmm/b/it --> OML/lmm/b/it on input line 27.
LaTeX Font Info:    Overwriting symbol font `symbols' in version `bold'
(Font)                  OMS/cmsy/b/n --> OMS/lmsy/b/n on input line 28.
LaTeX Font Info:    Overwriting symbol font `largesymbols' in version `bold'
(Font)                  OMX/cmex/m/n --> OMX/lmex/m/n on input line 29.
LaTeX Font Info:    Overwriting math alphabet `\mathbf' in version `normal'
(Font)                  OT1/cmr/bx/n --> OT1/lmr/bx/n on input line 31.
LaTeX Font Info:    Overwriting math alphabet `\mathsf' in version `normal'
(Font)                  OT1/cmss/m/n --> OT1/lmss/m/n on input line 32.
LaTeX Font Info:    Overwriting math alphabet `\mathit' in version `normal'
(Font)                  OT1/cmr/m/it --> OT1/lmr/m/it on input line 33.
LaTeX Font Info:    Overwriting math alphabet `\mathtt' in version `normal'
(Font)                  OT1/cmtt/m/n --> OT1/lmtt/m/n on input line 34.
LaTeX Font Info:    Overwriting math alphabet `\mathbf' in version `bold'
(Font)                  OT1/cmr/bx/n --> OT1/lmr/bx/n on input line 35.
LaTeX Font Info:    Overwriting math alphabet `\mathsf' in version `bold'
(Font)                  OT1/cmss/bx/n --> OT1/lmss/bx/n on input line 36.
LaTeX Font Info:    Overwriting math alphabet `\mathit' in version `bold'
(Font)                  OT1/cmr/bx/it --> OT1/lmr/bx/it on input line 37.
LaTeX Font Info:    Overwriting math alphabet `\mathtt' in version `bold'
(Font)                  OT1/cmtt/m/n --> OT1/lmtt/m/n on input line 38.
)
(/usr/share/texlive/texmf-dist/tex/latex/was/icomma.sty
Package: icomma 2002/03/10 v2.0 (WaS)
)
(/usr/share/texlive/texmf-dist/tex/latex/graphics/graphicx.sty
Package: graphicx 2021/09/16 v1.2d Enhanced LaTeX Graphics (DPC,SPQR)

(/usr/share/texlive/texmf-dist/tex/latex/graphics/graphics.sty
Package: graphics 2021/03/04 v1.4d Standard LaTeX Graphics (DPC,SPQR)

(/usr/share/texlive/texmf-dist/tex/latex/graphics/trig.sty
Package: trig 2021/08/11 v1.11 sin cos tan (DPC)
)
(/usr/share/texlive/texmf-dist/tex/latex/graphics-cfg/graphics.cfg
File: graphics.cfg 2016/06/04 v1.11 sample graphics configuration
)
Package graphics Info: Driver file: pdftex.def on input line 107.
)
\Gin@req@height=\dimen274
\Gin@req@width=\dimen275
)
(/usr/share/texlive/texmf-dist/tex/latex/morewrites/morewrites.sty
(/usr/share/texlive/texmf-dist/tex/latex/morewrites/primargs.sty
Package: primargs 2018/12/29 Parsing arguments of primitives
)
Package: morewrites 2018/12/29 Always room for a new write
\g__morewrites_later_int=\count342
\l__morewrites_user_int=\count343
\g__morewrites_iow=\write4
\g__morewrites_ior=\read4
\g__morewrites_group_level_int=\count344
\g__morewrites_shipout_box=\box60
\l__morewrites_collect_next_int=\count345
\g__morewrites_alloc_write_int=\count346
)
(/usr/share/texlive/texmf-dist/tex/latex/algorithm2e/algorithm2e.sty
Package: algorithm2e 2017/07/18 v5.2 algorithms environments
\c@AlgoLine=\count347
\algocf@hangindent=\skip199

(/usr/share/texlive/texmf-dist/tex/latex/ifoddpage/ifoddpage.sty
Package: ifoddpage 2016/04/23 v1.1 Conditionals for odd/even page detection
\c@checkoddpage=\count348
LaTeX Info: Redefining \checkoddpage on input line 45.
)
(/usr/share/texlive/texmf-dist/tex/latex/tools/xspace.sty
Package: xspace 2014/10/28 v1.13 Space after command names (DPC,MH)
)
(/usr/share/texlive/texmf-dist/tex/latex/relsize/relsize.sty
Package: relsize 2013/03/29 ver 4.1
)
\skiptotal=\skip256
\skiplinenumber=\skip257
\skiprule=\skip258
\skiphlne=\skip259
\skiptext=\skip260
\skiplength=\skip261
\algomargin=\skip262
\skipalgocfslide=\skip263
\algowidth=\dimen276
\inoutsize=\dimen277
\inoutindent=\dimen278
\interspacetitleruled=\dimen279
\interspacealgoruled=\dimen280
\interspacetitleboxruled=\dimen281
\algocf@ruledwidth=\skip264
\algocf@inoutbox=\box61
\algocf@inputbox=\box62
\AlCapSkip=\skip265
\AlCapHSkip=\skip266
\algoskipindent=\skip267
\algocf@nlbox=\box63
\algocf@hangingbox=\box64
\algocf@untilbox=\box65
\algocf@skipuntil=\skip268
\algocf@capbox=\box66
\algocf@lcaptionbox=\skip269
\algoheightruledefault=\skip270
\algoheightrule=\skip271
\algotitleheightruledefault=\skip272
\algotitleheightrule=\skip273
\c@algocfline=\count349
\c@algocfproc=\count350
\c@algocf=\count351
\algocf@algoframe=\box67
\algocf@algobox=\box68
)
(/usr/share/texlive/texmf-dist/tex/latex/amscls/amsthm.sty
Package: amsthm 2020/05/29 v2.20.6
\thm@style=\toks36
\thm@bodyfont=\toks37
\thm@headfont=\toks38
\thm@notefont=\toks39
\thm@headpunct=\toks40
\thm@preskip=\skip274
\thm@postskip=\skip275
\thm@headsep=\skip276
\dth@everypar=\toks41
)
(/usr/share/texlive/texmf-dist/tex/latex/thmtools/thmtools.sty
Package: thmtools 2020/08/01 v0.72
\thmt@toks=\toks42
\c@thmt@dummyctr=\count352

(/usr/share/texlive/texmf-dist/tex/latex/thmtools/thm-patch.sty
Package: thm-patch 2020/08/01 v0.72

(/usr/share/texlive/texmf-dist/tex/latex/thmtools/parseargs.sty
Package: parseargs 2020/08/01 v0.72
\@parsespec=\toks43
))
(/usr/share/texlive/texmf-dist/tex/latex/thmtools/thm-kv.sty
Package: thm-kv 2020/08/01 v0.72
Package thm-kv Info: Theorem names will be uppercased on input line 42.
Package thm-kv Info: kvsetkeys patch (v1.16 or later) on input line 158.
)
(/usr/share/texlive/texmf-dist/tex/latex/thmtools/thm-autoref.sty
Package: thm-autoref 2020/08/01 v0.72

(/usr/share/texlive/texmf-dist/tex/latex/thmtools/aliasctr.sty
Package: aliasctr 2020/08/01 v0.72
))
(/usr/share/texlive/texmf-dist/tex/latex/thmtools/thm-listof.sty
Package: thm-listof 2020/08/01 v0.72
)
(/usr/share/texlive/texmf-dist/tex/latex/thmtools/thm-restate.sty
Package: thm-restate 2020/08/01 v0.72
)
(/usr/share/texlive/texmf-dist/tex/latex/thmtools/thm-amsthm.sty
Package: thm-amsthm 2020/08/01 v0.72
\thmt@style@headstyle=\toks44
))
\c@axioma=\count353
\c@teorema=\count354
\c@lema=\count355
\c@hipotese=\count356
\c@proposicao=\count357
\c@conjectura=\count358
\c@paradoxo=\count359
\c@corolario=\count360
\c@definicao=\count361
\c@exemplo=\count362
\c@desenho=\count363
\cftbeforedesenhoskip=\skip277
\cftdesenhoindent=\skip278
\cftdesenhonumwidth=\skip279
\c@esquema=\count364
\cftbeforeesquemaskip=\skip280
\cftesquemaindent=\skip281
\cftesquemanumwidth=\skip282
\c@fotografia=\count365
\cftbeforefotografiaskip=\skip283
\cftfotografiaindent=\skip284
\cftfotografianumwidth=\skip285
\c@grafico=\count366
\cftbeforegraficoskip=\skip286
\cftgraficoindent=\skip287
\cftgraficonumwidth=\skip288
\c@mapa=\count367
\cftbeforemapaskip=\skip289
\cftmapaindent=\skip290
\cftmapanumwidth=\skip291
\c@diagrama=\count368
\cftbeforediagramaskip=\skip292
\cftdiagramaindent=\skip293
\cftdiagramanumwidth=\skip294
\c@fluxograma=\count369
\cftbeforefluxogramaskip=\skip295
\cftfluxogramaindent=\skip296
\cftfluxogramanumwidth=\skip297
\c@organograma=\count370
\cftbeforeorganogramaskip=\skip298
\cftorganogramaindent=\skip299
\cftorganogramanumwidth=\skip300
\c@planta=\count371
\cftbeforeplantaskip=\skip301
\cftplantaindent=\skip302
\cftplantanumwidth=\skip303
\c@quadro=\count372
\cftbeforequadroskip=\skip304
\cftquadroindent=\skip305
\cftquadronumwidth=\skip306
\c@retrato=\count373
\cftbeforeretratoskip=\skip307
\cftretratoindent=\skip308
\cftretratonumwidth=\skip309

(/usr/share/texlive/texmf-dist/tex/latex/enumitem/enumitem.sty
Package: enumitem 2019/06/20 v3.9 Customized lists
\labelindent=\skip310
\enit@outerparindent=\dimen282
\enit@toks=\toks45
\enit@inbox=\box69
\enit@count@id=\count374
\enitdp@description=\count375
)
\tocnumwidth=\skip311

(/usr/share/texlive/texmf-dist/tex/latex/pdfpages/pdfpages.sty
Package: pdfpages 2022/01/29 v0.5u Insert pages of external PDF documents (AM)

(/usr/share/texlive/texmf-dist/tex/latex/eso-pic/eso-pic.sty
Package: eso-pic 2020/10/14 v3.0a eso-pic (RN)
\ESO@tempdima=\dimen283
\ESO@tempdimb=\dimen284
)
\AM@pagewidth=\dimen285
\AM@pageheight=\dimen286
\AM@fboxrule=\dimen287

(/usr/share/texlive/texmf-dist/tex/latex/pdfpages/pppdftex.def
File: pppdftex.def 2022/01/29 v0.5u Pdfpages driver for pdfTeX (AM)
)
\pdfpages@includegraphics@status=\count376
\AM@pagebox=\box70
\AM@global@opts=\toks46
\AM@pagecnt=\count377
\AM@toc@title=\toks47
\c@AM@survey=\count378
\AM@templatesizebox=\box71
)
(/usr/share/texlive/texmf-dist/tex/latex/imakeidx/imakeidx.sty
Package: imakeidx 2016/10/15 v1.3e Package for typesetting indices in a synchro
nous mode

(/usr/share/texlive/texmf-dist/tex/generic/iftex/ifxetex.sty
Package: ifxetex 2019/10/25 v0.7 ifxetex legacy package. Use iftex instead.
)
(/usr/share/texlive/texmf-dist/tex/generic/iftex/ifluatex.sty
Package: ifluatex 2019/10/25 v1.5 ifluatex legacy package. Use iftex instead.
)
(/usr/share/texlive/texmf-dist/tex/latex/tools/multicol.sty
Package: multicol 2021/10/28 v1.9b multicolumn formatting (FMi)
\c@tracingmulticols=\count379
\mult@box=\box72
\multicol@leftmargin=\dimen288
\c@unbalance=\count380
\c@collectmore=\count381
\doublecol@number=\count382
\multicoltolerance=\count383
\multicolpretolerance=\count384
\full@width=\dimen289
\page@free=\dimen290
\premulticols=\dimen291
\postmulticols=\dimen292
\multicolsep=\skip312
\multicolbaselineskip=\skip313
\partial@page=\box73
\last@line=\box74
\maxbalancingoverflow=\dimen293
\mult@rightbox=\box75
\mult@grightbox=\box76
\mult@firstbox=\box77
\mult@gfirstbox=\box78
\@tempa=\box79
\@tempa=\box80
\@tempa=\box81
\@tempa=\box82
\@tempa=\box83
\@tempa=\box84
\@tempa=\box85
\@tempa=\box86
\@tempa=\box87
\@tempa=\box88
\@tempa=\box89
\@tempa=\box90
\@tempa=\box91
\@tempa=\box92
\@tempa=\box93
\@tempa=\box94
\@tempa=\box95
\@tempa=\box96
\@tempa=\box97
\@tempa=\box98
\@tempa=\box99
\@tempa=\box100
\@tempa=\box101
\@tempa=\box102
\@tempa=\box103
\@tempa=\box104
\@tempa=\box105
\@tempa=\box106
\@tempa=\box107
\@tempa=\box108
\@tempa=\box109
\@tempa=\box110
\@tempa=\box111
\@tempa=\box112
\@tempa=\box113
\@tempa=\box114
\c@minrows=\count385
\c@columnbadness=\count386
\c@finalcolumnbadness=\count387
\last@try=\dimen294
\multicolovershoot=\dimen295
\multicolundershoot=\dimen296
\mult@nat@firstbox=\box115
\colbreak@box=\box116
\mc@col@check@num=\count388
))
(/usr/share/texlive/texmf-dist/tex/latex/pdfx/pdfx.sty
Package: pdfx 2019/02/27 v1.6.3 PDF/X and PDF/A support (CVR/HTH/RRM/PS)
\pdfx@minorversion=\count389

(/usr/share/texlive/texmf-dist/tex/generic/iftex/ifpdf.sty
Package: ifpdf 2019/10/25 v3.4 ifpdf legacy package. Use iftex instead.
)
(/usr/share/texlive/texmf-dist/tex/latex/everyshi/everyshi.sty
Package: everyshi 2020/11/18 v4.00 EveryShipout Package
){/var/lib/texmf/fonts/map/pdftex/updmap/pdftex.map}
(/usr/share/texlive/texmf-dist/tex/latex/pdfx/l8u-penc.def
File: l8u-penc.def 2017/06/23 v0.8 Custom LaTeX file, for UTF8 encoded letters 
and symbols
LaTeX Info: Composite with undeclared \b in encoding L8U on input line 278.
)
\pdfxsafeforxmp@toks=\toks48
\pdfx@tmptoks=\toks49

(/usr/share/texlive/texmf-dist/tex/latex/hyperref/hyperref.sty
Package: hyperref 2021-06-07 v7.00m Hypertext links for LaTeX

(/usr/share/texlive/texmf-dist/tex/generic/pdftexcmds/pdftexcmds.sty
Package: pdftexcmds 2020-06-27 v0.33 Utility functions of pdfTeX for LuaTeX (HO
)

(/usr/share/texlive/texmf-dist/tex/generic/infwarerr/infwarerr.sty
Package: infwarerr 2019/12/03 v1.5 Providing info/warning/error messages (HO)
)
Package pdftexcmds Info: \pdf@primitive is available.
Package pdftexcmds Info: \pdf@ifprimitive is available.
Package pdftexcmds Info: \pdfdraftmode found.
)
(/usr/share/texlive/texmf-dist/tex/generic/kvdefinekeys/kvdefinekeys.sty
Package: kvdefinekeys 2019-12-19 v1.6 Define keys (HO)
)
(/usr/share/texlive/texmf-dist/tex/generic/pdfescape/pdfescape.sty
Package: pdfescape 2019/12/09 v1.15 Implements pdfTeX's escape features (HO)
)
(/usr/share/texlive/texmf-dist/tex/latex/hycolor/hycolor.sty
Package: hycolor 2020-01-27 v1.10 Color options for hyperref/bookmark (HO)
)
(/usr/share/texlive/texmf-dist/tex/latex/letltxmacro/letltxmacro.sty
Package: letltxmacro 2019/12/03 v1.6 Let assignment for LaTeX macros (HO)
)
(/usr/share/texlive/texmf-dist/tex/latex/auxhook/auxhook.sty
Package: auxhook 2019-12-17 v1.6 Hooks for auxiliary files (HO)
)
\@linkdim=\dimen297
\Hy@linkcounter=\count390
\Hy@pagecounter=\count391

(/usr/share/texlive/texmf-dist/tex/latex/hyperref/pd1enc.def
File: pd1enc.def 2021-06-07 v7.00m Hyperref: PDFDocEncoding definition (HO)
)
(/usr/share/texlive/texmf-dist/tex/latex/hyperref/hyperref-langpatches.def
File: hyperref-langpatches.def 2021-06-07 v7.00m Hyperref: patches for babel la
nguages
)
(/usr/share/texlive/texmf-dist/tex/generic/intcalc/intcalc.sty
Package: intcalc 2019/12/15 v1.3 Expandable calculations with integers (HO)
)
(/usr/share/texlive/texmf-dist/tex/generic/etexcmds/etexcmds.sty
Package: etexcmds 2019/12/15 v1.7 Avoid name clashes with e-TeX commands (HO)
)
\Hy@SavedSpaceFactor=\count392

(/usr/share/texlive/texmf-dist/tex/latex/hyperref/puenc.def
File: puenc.def 2021-06-07 v7.00m Hyperref: PDF Unicode definition (HO)
)
Package hyperref Info: Option `pdfa' set `true' on input line 4073.
Package hyperref Info: Hyper figures OFF on input line 4192.
Package hyperref Info: Link nesting OFF on input line 4197.
Package hyperref Info: Hyper index ON on input line 4200.
Package hyperref Info: Plain pages OFF on input line 4207.
Package hyperref Info: Backreferencing OFF on input line 4212.
Package hyperref Info: Implicit mode ON; LaTeX internals redefined.
Package hyperref Info: Bookmarks ON on input line 4445.
\c@Hy@tempcnt=\count393

(/usr/share/texlive/texmf-dist/tex/latex/url/url.sty
\Urlmuskip=\muskip17
Package: url 2013/09/16  ver 3.4  Verb mode for urls, etc.
)
LaTeX Info: Redefining \url on input line 4804.
\XeTeXLinkMargin=\dimen298

(/usr/share/texlive/texmf-dist/tex/generic/bitset/bitset.sty
Package: bitset 2019/12/09 v1.3 Handle bit-vector datatype (HO)

(/usr/share/texlive/texmf-dist/tex/generic/bigintcalc/bigintcalc.sty
Package: bigintcalc 2019/12/15 v1.5 Expandable calculations on big integers (HO
)
))
\Fld@menulength=\count394
\Field@Width=\dimen299
\Fld@charsize=\dimen300
Package hyperref Info: Hyper figures OFF on input line 6076.
Package hyperref Info: Link nesting OFF on input line 6081.
Package hyperref Info: Hyper index ON on input line 6084.
Package hyperref Info: backreferencing OFF on input line 6091.
Package hyperref Info: Link coloring OFF on input line 6096.
Package hyperref Info: Link coloring with OCG OFF on input line 6101.
Package hyperref Info: PDF/A mode ON on input line 6104.
LaTeX Info: Redefining \ref on input line 6146.
LaTeX Info: Redefining \pageref on input line 6150.

(/usr/share/texlive/texmf-dist/tex/latex/base/atbegshi-ltx.sty
Package: atbegshi-ltx 2021/01/10 v1.0c Emulation of the original atbegshi
package with kernel methods
)
\Hy@abspage=\count395
\c@Item=\count396
\c@Hfootnote=\count397
)
(/usr/share/texlive/texmf-dist/tex/latex/memoir/memhfixc.sty
Package: memhfixc 2021/06/16 v1.19 nameref/hyperref package fixes for memoir cl
ass


LaTeX hooks Warning: Generic hook 'package/after/nameref' is deprecated.
(hooks)              Use hook 'package/nameref/after' instead.

\c@memhycontfloat=\count398
\c@Hpagenote=\count399

LaTeX hooks Warning: Generic hook 'package/after/hypcap' is deprecated.
(hooks)              Use hook 'package/hypcap/after' instead.

)
Package hyperref Info: Driver: hpdftex.
 (/usr/share/texlive/texmf-dist/tex/latex/hyperref/hpdftex.def
File: hpdftex.def 2021-06-07 v7.00m Hyperref driver for pdfTeX

(/usr/share/texlive/texmf-dist/tex/latex/base/atveryend-ltx.sty
Package: atveryend-ltx 2020/08/19 v1.0a Emulation of the original atveryend pac
kage
with kernel methods
)
\Fld@listcount=\count400
\c@bookmark@seq@number=\count401

(/usr/share/texlive/texmf-dist/tex/latex/rerunfilecheck/rerunfilecheck.sty
Package: rerunfilecheck 2019/12/05 v1.9 Rerun checks for auxiliary files (HO)

(/usr/share/texlive/texmf-dist/tex/generic/uniquecounter/uniquecounter.sty
Package: uniquecounter 2019/12/15 v1.4 Provide unlimited unique counter (HO)
)
Package uniquecounter Info: New unique counter `rerunfilecheck' on input line 2
86.
)
\Hy@SectionHShift=\skip314
)
Package hyperref Info: Option `unicode' set `true' on input line 1463.

(/usr/share/texlive/texmf-dist/tex/generic/stringenc/stringenc.sty
Package: stringenc 2019/11/29 v1.12 Convert strings between diff. encodings (HO
)
)
Package hyperref Info: Option `psdextra' set `true' on input line 1465.

(/usr/share/texlive/texmf-dist/tex/latex/hyperref/puenc-greekbasic.def
File: puenc-greekbasic.def 2021-06-07 v7.00m Hyperref: PDF Unicode definition (
greek block) (HO)
)
(/usr/share/texlive/texmf-dist/tex/latex/hyperref/psdextra.def
File: psdextra.def 2021-06-07 v7.00m Hyperref: Additions to PDF string support
)
(/usr/share/texlive/texmf-dist/tex/generic/colorprofiles/colorprofiles.sty
Package: colorprofiles 2018/11/01 v1.0.1 color profiles for PDF/X and PDF/A sup
port

(/usr/share/texlive/texmf-dist/tex/generic/colorprofiles/colorprofiles.tex))
(/usr/share/texlive/texmf-dist/tex/generic/stringenc/se-pdfdoc.def
File: se-pdfdoc.def 2019/11/29 v1.12 stringenc: PDFDocEncoding
)
(/usr/share/texlive/texmf-dist/tex/latex/pdfx/AdobeColorProfiles.tex)
(/usr/share/texlive/texmf-dist/tex/latex/pdfx/8bit.def
File: 8bit.def 2008/03/30 v1.1d Input encoding file
)
** pdfx: No file main.xmpdata . Metadata will be incomplete!
<<sRGB.icc>> (/usr/share/texlive/texmf-dist/tex/latex/pdfx/8bit.def
File: 8bit.def 2008/03/30 v1.1d Input encoding file
)
Package hyperref Info: Option `unicode' set `true' on input line 2411.
Package hyperref Info: Option `unicode' set `true' on input line 2412.

(/usr/share/texlive/texmf-dist/tex/generic/pdftex/glyphtounicode.tex)
(/usr/share/texlive/texmf-dist/tex/latex/pdfx/glyphtounicode-cmr.tex)
(/usr/share/texlive/texmf-dist/tex/latex/pdfx/glyphtounicode-ntx.tex)
(/usr/share/texlive/texmf-dist/tex/latex/xmpincl/xmpincl.sty
Package: xmpincl 2021/09/22 v2.4 Include XMP data in pdflatex
)
(/usr/share/texlive/texmf-dist/tex/latex/pdfx/8bit.def
File: 8bit.def 2008/03/30 v1.1d Input encoding file
)
Using XMP template file: pdfa.xmp
\xmpinclWrite=\write19
\xmpinclRead=\read5
\openout4 = `pdfa.xmpi'.

\openout4 = `main.mw'.

\openout4 = `main.mw'.

\openout4 = `main.mw'.

\openout4 = `main.mw'.

\openout4 = `main.mw'.

\openout4 = `main.mw'.

\openout4 = `main.mw'.

\openout4 = `main.mw'.

\openout4 = `main.mw'.

\openout4 = `main.mw'.

\openout4 = `main.mw'.

\openout4 = `main.mw'.

\openout4 = `main.mw'.

\openout4 = `main.mw'.

\openout4 = `main.mw'.

\openout4 = `main.mw'.

\openout4 = `main.mw'.

\openout4 = `main.mw'.

\openout4 = `main.mw'.

\openout4 = `main.mw'.

\openout4 = `main.mw'.

\openout4 = `main.mw'.

\openout4 = `main.mw'.

\openout4 = `main.mw'.

\openout4 = `main.mw'.

\openout4 = `main.mw'.

\openout4 = `main.mw'.

\openout4 = `main.mw'.

\openout4 = `main.mw'.

\openout4 = `main.mw'.

\openout4 = `main.mw'.

\openout4 = `main.mw'.

\openout4 = `main.mw'.

\openout4 = `main.mw'.

\openout4 = `main.mw'.

\openout4 = `main.mw'.

\openout4 = `main.mw'.

\openout4 = `main.mw'.

\openout4 = `main.mw'.

\openout4 = `main.mw'.

\openout4 = `main.mw'.

\openout4 = `main.mw'.

\openout4 = `main.mw'.

\openout4 = `main.mw'.

\openout4 = `main.mw'.

\openout4 = `main.mw'.

\openout4 = `main.mw'.

\openout4 = `main.mw'.

\openout4 = `main.mw'.

\openout4 = `main.mw'.

\openout4 = `main.mw'.

\openout4 = `main.mw'.

\openout4 = `main.mw'.

\openout4 = `main.mw'.

\openout4 = `main.mw'.

\openout4 = `main.mw'.

\openout4 = `main.mw'.

\openout4 = `main.mw'.

\openout4 = `main.mw'.

\openout4 = `main.mw'.

\openout4 = `main.mw'.

\openout4 = `main.mw'.

\openout4 = `main.mw'.

\openout4 = `main.mw'.

\openout4 = `main.mw'.

\openout4 = `main.mw'.

\openout4 = `main.mw'.

\openout4 = `main.mw'.

\openout4 = `main.mw'.

\openout4 = `main.mw'.

\openout4 = `main.mw'.

\openout4 = `main.mw'.

\openout4 = `main.mw'.

\openout4 = `main.mw'.

\openout4 = `main.mw'.

\openout4 = `main.mw'.

\openout4 = `main.mw'.

\openout4 = `main.mw'.

\openout4 = `main.mw'.

\openout4 = `main.mw'.

\openout4 = `main.mw'.

\openout4 = `main.mw'.

\openout4 = `main.mw'.

\openout4 = `main.mw'.

\openout4 = `main.mw'.

\openout4 = `main.mw'.

\openout4 = `main.mw'.

\openout4 = `main.mw'.

\openout4 = `main.mw'.

\openout4 = `main.mw'.

\openout4 = `main.mw'.

\openout4 = `main.mw'.

\openout4 = `main.mw'.

\openout4 = `main.mw'.

\openout4 = `main.mw'.

\openout4 = `main.mw'.

\openout4 = `main.mw'.

\openout4 = `main.mw'.

\openout4 = `main.mw'.

\openout4 = `main.mw'.

\openout4 = `main.mw'.

\openout4 = `main.mw'.

\openout4 = `main.mw'.

\openout4 = `main.mw'.

\openout4 = `main.mw'.

\openout4 = `main.mw'.

\openout4 = `main.mw'.

\openout4 = `main.mw'.

\openout4 = `main.mw'.

\openout4 = `main.mw'.

\openout4 = `main.mw'.

\openout4 = `main.mw'.

\openout4 = `main.mw'.

\openout4 = `main.mw'.

\openout4 = `main.mw'.

\openout4 = `main.mw'.

\openout4 = `main.mw'.

\openout4 = `main.mw'.

\openout4 = `main.mw'.

\openout4 = `main.mw'.

\openout4 = `main.mw'.

\openout4 = `main.mw'.

\openout4 = `main.mw'.

\openout4 = `main.mw'.

\openout4 = `main.mw'.

\openout4 = `main.mw'.

\openout4 = `main.mw'.

\openout4 = `main.mw'.

\openout4 = `main.mw'.

\openout4 = `main.mw'.

\openout4 = `main.mw'.

\openout4 = `main.mw'.

\openout4 = `main.mw'.

\openout4 = `main.mw'.

\openout4 = `main.mw'.

\openout4 = `main.mw'.

\openout4 = `main.mw'.

\openout4 = `main.mw'.

\openout4 = `main.mw'.

\openout4 = `main.mw'.

\openout4 = `main.mw'.

\openout4 = `main.mw'.

\openout4 = `main.mw'.

\openout4 = `main.mw'.

\openout4 = `main.mw'.

\openout4 = `main.mw'.

\openout4 = `main.mw'.

\openout4 = `main.mw'.

\openout4 = `main.mw'.

\openout4 = `main.mw'.

\openout4 = `main.mw'.

\openout4 = `main.mw'.

\openout4 = `main.mw'.

\openout4 = `main.mw'.

\openout4 = `main.mw'.

\openout4 = `main.mw'.

\openout4 = `main.mw'.

\openout4 = `main.mw'.

\openout4 = `main.mw'.

\openout4 = `main.mw'.

\openout4 = `main.mw'.

\openout4 = `main.mw'.

\openout4 = `main.mw'.

\openout4 = `main.mw'.

\openout4 = `pdfa.xmpi'.

<<pdfa.xmpi>>)

Package hyperref Warning: Option `pdftex' has already been used,
(hyperref)                setting the option has no effect on input line 625.

Package hyperref Info: Option `colorlinks' set `false' on input line 625.
(/usr/share/texlive/texmf-dist/tex/latex/glossaries-extra/glossaries-extra.sty
Package: glossaries-extra 2021/11/22 v1.48 (NLCT)

(/usr/share/texlive/texmf-dist/tex/latex/glossaries/base/glossaries.sty
Package: glossaries 2021/11/01 v4.49 (NLCT)

(/usr/share/texlive/texmf-dist/tex/latex/mfirstuc/mfirstuc.sty
Package: mfirstuc 2021/10/15 v2.07 (NLCT)
\@glsmfirst=\toks50
\@glsmrest=\toks51
)
(/usr/share/texlive/texmf-dist/tex/latex/xfor/xfor.sty
Package: xfor 2009/02/05 v1.05 (NLCT)
)
(/usr/share/texlive/texmf-dist/tex/latex/datatool/datatool-base.sty
Package: datatool-base 2019/09/27 v2.32 (NLCT)

(/usr/share/texlive/texmf-dist/tex/latex/substr/substr.sty
Package: substr 2009/10/20 v1.2 Handle substrings
\c@su@anzahl=\count402
)
(/usr/share/texlive/texmf-dist/tex/latex/datatool/datatool-fp.sty
Package: datatool-fp 2019/09/27 v2.32 (NLCT)

(/usr/share/texlive/texmf-dist/tex/latex/fp/fp.sty
Package: fp 1995/04/02

`Fixed Point Package', Version 0.8, April 2, 1995 (C) Michael Mehlich
(/usr/share/texlive/texmf-dist/tex/latex/fp/defpattern.sty
Package: defpattern 1994/10/12
\actioncount=\count403
)
(/usr/share/texlive/texmf-dist/tex/latex/fp/fp-basic.sty
Package: fp-basic 1996/05/13
\FP@xs=\count404
\FP@xia=\count405
\FP@xib=\count406
\FP@xfa=\count407
\FP@xfb=\count408
\FP@rega=\count409
\FP@regb=\count410
\FP@regs=\count411
\FP@times=\count412
)
(/usr/share/texlive/texmf-dist/tex/latex/fp/fp-addons.sty
Package: fp-addons 1995/03/15
)
(/usr/share/texlive/texmf-dist/tex/latex/fp/fp-snap.sty
Package: fp-snap 1995/04/05
)
(/usr/share/texlive/texmf-dist/tex/latex/fp/fp-exp.sty
Package: fp-exp 1995/04/03
)
(/usr/share/texlive/texmf-dist/tex/latex/fp/fp-trigo.sty
Package: fp-trigo 1995/04/14
)
(/usr/share/texlive/texmf-dist/tex/latex/fp/fp-pas.sty
Package: fp-pas 1994/08/29
)
(/usr/share/texlive/texmf-dist/tex/latex/fp/fp-random.sty
Package: fp-random 1995/02/23
\FPseed=\count413
)
(/usr/share/texlive/texmf-dist/tex/latex/fp/fp-eqn.sty
Package: fp-eqn 1995/04/03
)
(/usr/share/texlive/texmf-dist/tex/latex/fp/fp-upn.sty
Package: fp-upn 1996/10/21
)
(/usr/share/texlive/texmf-dist/tex/latex/fp/fp-eval.sty
Package: fp-eval 1995/04/03
)))
\@dtl@toks=\toks52
\@dtl@tmpcount=\count414
\dtl@tmplength=\skip315
\dtl@sortresult=\count415
\@dtl@numgrpsepcount=\count416
\@dtl@datatype=\count417
\dtl@codeA=\count418
\dtl@codeB=\count419
\@dtl@foreach@level=\count420
)
(/usr/share/texlive/texmf-dist/tex/latex/glossaries/base/glossaries-compatible-
307.sty
Package: glossaries-compatible-307 2021/11/01 v4.49 (NLCT)
) (/usr/share/texlive/texmf-dist/tex/latex/tracklang/tracklang.sty
Package: tracklang 2020/06/30 v1.5 (NLCT) Track Languages

(/usr/share/texlive/texmf-dist/tex/generic/tracklang/tracklang.tex))
(/usr/share/texlive/texmf-dist/tex/latex/glossaries-portuges/glossaries-pt-BR.l
df
File: glossaries-pt-BR.ldf 2014/11/23 v1.0

(/usr/share/texlive/texmf-dist/tex/latex/glossaries-portuges/glossaries-portuge
s-utf8.ldf))
(/usr/share/texlive/texmf-dist/tex/latex/glossaries-english/glossaries-english.
ldf
File: glossaries-english.ldf 2014/11/23 v1.0
)
\gls@level=\count421
\@gls@tmpb=\toks53
\gls@tmplen=\skip316
\glskeylisttok=\toks54
\glslabeltok=\toks55
\glsshorttok=\toks56
\glslongtok=\toks57

(/usr/share/texlive/texmf-dist/tex/latex/glossaries/styles/glossary-hypernav.st
y
Package: glossary-hypernav 2021/11/01 v4.49 (NLCT)
) (/usr/share/texlive/texmf-dist/tex/latex/glossaries/styles/glossary-list.sty
Package: glossary-list 2021/11/01 v4.49 (NLCT)
\glslistdottedwidth=\skip317
) (/usr/share/texlive/texmf-dist/tex/latex/glossaries/styles/glossary-long.sty
Package: glossary-long 2021/11/01 v4.49 (NLCT)

(/usr/share/texlive/texmf-dist/tex/latex/tools/longtable.sty
Package: longtable 2021-09-01 v4.17 Multi-page Table package (DPC)
\LTleft=\skip318
\LTright=\skip319
\LTpre=\skip320
\LTpost=\skip321
\LTchunksize=\count422
\LTcapwidth=\dimen301
\LT@head=\box117
\LT@firsthead=\box118
\LT@foot=\box119
\LT@lastfoot=\box120
\LT@gbox=\box121
\LT@cols=\count423
\LT@rows=\count424
\c@LT@tables=\count425
\c@LT@chunks=\count426
\LT@p@ftn=\toks58
)
\glsdescwidth=\skip322
\glspagelistwidth=\skip323
)
(/usr/share/texlive/texmf-dist/tex/latex/glossaries/styles/glossary-super.sty
Package: glossary-super 2021/11/01 v4.49 (NLCT)

(/usr/share/texlive/texmf-dist/tex/latex/supertabular/supertabular.sty
Package: supertabular 2020/02/02 v4.1g the supertabular environment
\c@tracingst=\count427
\ST@wd=\dimen302
\ST@rightskip=\skip324
\ST@leftskip=\skip325
\ST@parfillskip=\skip326
\ST@pageleft=\dimen303
\ST@headht=\dimen304
\ST@tailht=\dimen305
\ST@pagesofar=\dimen306
\ST@pboxht=\dimen307
\ST@lineht=\dimen308
\ST@prevht=\dimen309
\ST@toadd=\dimen310
\ST@dimen=\dimen311
\ST@pbox=\box122
))
(/usr/share/texlive/texmf-dist/tex/latex/glossaries/styles/glossary-tree.sty
Package: glossary-tree 2021/11/01 v4.49 (NLCT)
\glstreeindent=\skip327
))
\@glsxtr@leveloffset=\count428
\glsxtrresourcecount=\count429
\@glsxtrnewgls@inner=\count430
\glsshortpltok=\toks59
\glslongpltok=\toks60
\mglselementindex=\count431
) (/usr/share/texlive/texmf-dist/tex/latex/biblatex/biblatex.sty
Package: biblatex 2022/02/02 v3.17 programmable bibliographies (PK/MW)

(/usr/share/texlive/texmf-dist/tex/latex/logreq/logreq.sty
Package: logreq 2010/08/04 v1.0 xml request logger
\lrq@indent=\count432

(/usr/share/texlive/texmf-dist/tex/latex/logreq/logreq.def
File: logreq.def 2010/08/04 v1.0 logreq spec v1.0
))
\c@tabx@nest=\count433
\c@listtotal=\count434
\c@listcount=\count435
\c@liststart=\count436
\c@liststop=\count437
\c@citecount=\count438
\c@citetotal=\count439
\c@multicitecount=\count440
\c@multicitetotal=\count441
\c@instcount=\count442
\c@maxnames=\count443
\c@minnames=\count444
\c@maxitems=\count445
\c@minitems=\count446
\c@citecounter=\count447
\c@maxcitecounter=\count448
\c@savedcitecounter=\count449
\c@uniquelist=\count450
\c@uniquename=\count451
\c@refsection=\count452
\c@refsegment=\count453
\c@maxextratitle=\count454
\c@maxextratitleyear=\count455
\c@maxextraname=\count456
\c@maxextradate=\count457
\c@maxextraalpha=\count458
\c@abbrvpenalty=\count459
\c@highnamepenalty=\count460
\c@lownamepenalty=\count461
\c@maxparens=\count462
\c@parenlevel=\count463
\blx@tempcnta=\count464
\blx@tempcntb=\count465
\blx@tempcntc=\count466
\c@blx@maxsection=\count467
\c@blx@maxsegment@0=\count468
\blx@notetype=\count469
\blx@parenlevel@text=\count470
\blx@parenlevel@foot=\count471
\c@blx@sectionciteorder@0=\count472
\blx@entrysetcounter=\count473
\blx@biblioinstance=\count474
\labelnumberwidth=\skip328
\labelalphawidth=\skip329
\biblabelsep=\skip330
\bibnamesep=\skip331
\bibinitsep=\skip332
\bibparsep=\skip333
\bibhang=\skip334
\blx@bcfin=\read6
\blx@bcfout=\write20
\blx@langwohyphens=\language9
\c@mincomprange=\count475
\c@maxcomprange=\count476
\c@mincompwidth=\count477
Package biblatex Info: Trying to load biblatex default data model...
Package biblatex Info: ... file 'blx-dm.def' found.

(/usr/share/texlive/texmf-dist/tex/latex/biblatex/blx-dm.def
File: blx-dm.def 2022/02/02 v3.17 biblatex localization (PK/MW)
)
Package biblatex Info: Trying to load biblatex style data model...
Package biblatex Info: ... file 'abnt.dbx' not found.
Package biblatex Info: Trying to load biblatex custom data model...
Package biblatex Info: ... file 'biblatex-dm.cfg' not found.
\c@afterword=\count478
\c@savedafterword=\count479
\c@annotator=\count480
\c@savedannotator=\count481
\c@author=\count482
\c@savedauthor=\count483
\c@bookauthor=\count484
\c@savedbookauthor=\count485
\c@commentator=\count486
\c@savedcommentator=\count487
\c@editor=\count488
\c@savededitor=\count489
\c@editora=\count490
\c@savededitora=\count491
\c@editorb=\count492
\c@savededitorb=\count493
\c@editorc=\count494
\c@savededitorc=\count495
\c@foreword=\count496
\c@savedforeword=\count497
\c@holder=\count498
\c@savedholder=\count499
\c@introduction=\count500
\c@savedintroduction=\count501
\c@namea=\count502
\c@savednamea=\count503
\c@nameb=\count504
\c@savednameb=\count505
\c@namec=\count506
\c@savednamec=\count507
\c@translator=\count508
\c@savedtranslator=\count509
\c@shortauthor=\count510
\c@savedshortauthor=\count511
\c@shorteditor=\count512
\c@savedshorteditor=\count513
\c@labelname=\count514
\c@savedlabelname=\count515
\c@institution=\count516
\c@savedinstitution=\count517
\c@lista=\count518
\c@savedlista=\count519
\c@listb=\count520
\c@savedlistb=\count521
\c@listc=\count522
\c@savedlistc=\count523
\c@listd=\count524
\c@savedlistd=\count525
\c@liste=\count526
\c@savedliste=\count527
\c@listf=\count528
\c@savedlistf=\count529
\c@location=\count530
\c@savedlocation=\count531
\c@organization=\count532
\c@savedorganization=\count533
\c@origlocation=\count534
\c@savedoriglocation=\count535
\c@origpublisher=\count536
\c@savedorigpublisher=\count537
\c@publisher=\count538
\c@savedpublisher=\count539
\c@language=\count540
\c@savedlanguage=\count541
\c@origlanguage=\count542
\c@savedoriglanguage=\count543
\c@pageref=\count544
\c@savedpageref=\count545
\shorthandwidth=\skip335
\shortjournalwidth=\skip336
\shortserieswidth=\skip337
\shorttitlewidth=\skip338
\shortauthorwidth=\skip339
\shorteditorwidth=\skip340
\locallabelnumberwidth=\skip341
\locallabelalphawidth=\skip342
\localshorthandwidth=\skip343
\localshortjournalwidth=\skip344
\localshortserieswidth=\skip345
\localshorttitlewidth=\skip346
\localshortauthorwidth=\skip347
\localshorteditorwidth=\skip348
Package biblatex Info: Trying to load compatibility code...
Package biblatex Info: ... file 'blx-compat.def' found.

(/usr/share/texlive/texmf-dist/tex/latex/biblatex/blx-compat.def
File: blx-compat.def 2022/02/02 v3.17 biblatex compatibility (PK/MW)
)
Package biblatex Info: Trying to load generic definitions...
Package biblatex Info: ... file 'biblatex.def' found.

(/usr/share/texlive/texmf-dist/tex/latex/biblatex/biblatex.def
File: biblatex.def 2022/02/02 v3.17 biblatex compatibility (PK/MW)
\c@textcitecount=\count546
\c@textcitetotal=\count547
\c@textcitemaxnames=\count548
\c@biburlbigbreakpenalty=\count549
\c@biburlbreakpenalty=\count550
\c@biburlnumpenalty=\count551
\c@biburlucpenalty=\count552
\c@biburllcpenalty=\count553
\biburlbigskip=\muskip18
\biburlnumskip=\muskip19
\biburlucskip=\muskip20
\biburllcskip=\muskip21
\c@smartand=\count554
)
Package biblatex Info: Trying to load bibliography style 'abnt'...
Package biblatex Info: ... file 'abnt.bbx' found.

(/usr/share/texlive/texmf-dist/tex/latex/biblatex-abnt/abnt.bbx
File: abnt.bbx 2018-11-17 v3.4 ABNT BibLaTeX citation style
Package biblatex Info: Trying to load bibliography style 'standard'...
Package biblatex Info: ... file 'standard.bbx' found.

(/usr/share/texlive/texmf-dist/tex/latex/biblatex/bbx/standard.bbx
File: standard.bbx 2022/02/02 v3.17 biblatex bibliography style (PK/MW)
\c@bbx:relatedcount=\count555
\c@bbx:relatedtotal=\count556
))
Package biblatex Info: Trying to load citation style 'abnt'...
Package biblatex Info: ... file 'abnt.cbx' found.

(/usr/share/texlive/texmf-dist/tex/latex/biblatex-abnt/abnt.cbx
File: abnt.cbx 2018-11-17 v3.4 ABNT BibLaTeX citation style
Package biblatex Info: Trying to load citation style 'authoryear-comp'...
Package biblatex Info: ... file 'authoryear-comp.cbx' found.

(/usr/share/texlive/texmf-dist/tex/latex/biblatex/cbx/authoryear-comp.cbx
File: authoryear-comp.cbx 2022/02/02 v3.17 biblatex citation style (PK/MW)
Package biblatex Info: Redefining '\cite'.
Package biblatex Info: Redefining '\parencite'.
Package biblatex Info: Redefining '\footcite'.
Package biblatex Info: Redefining '\footcitetext'.
Package biblatex Info: Redefining '\smartcite'.
Package biblatex Info: Redefining '\textcite'.
Package biblatex Info: Redefining '\textcites'.
Package biblatex Info: Redefining '\cites'.
Package biblatex Info: Redefining '\parencites'.
Package biblatex Info: Redefining '\footcites'.
Package biblatex Info: Redefining '\footcitetexts'.
Package biblatex Info: Redefining '\smartcites'.
)
Package biblatex Info: Redefining '\cite'.
Package biblatex Info: Redefining '\cites'.
Package biblatex Info: Redefining '\footcite'.
Package biblatex Info: Redefining '\footcites'.
Package biblatex Info: Redefining '\citetitle'.
Package biblatex Info: Redefining '\smartcite'.
Package biblatex Info: Redefining '\citeauthor'.
Package biblatex Info: Redefining '\citeyear'.
)
Package biblatex Info: Trying to load configuration file...
Package biblatex Info: ... file 'biblatex.cfg' found.

(/usr/share/texlive/texmf-dist/tex/latex/biblatex/biblatex.cfg
File: biblatex.cfg 
)
Package biblatex Info: Input encoding 'utf8' detected.
Package biblatex Info: Document encoding is UTF8 ....
Package biblatex Info: ... and expl3
(biblatex)             2022-01-21 L3 programming layer (loader) 
(biblatex)             is new enough (at least 2020/04/06),
(biblatex)             setting 'casechanger=expl3'.

(/usr/share/texlive/texmf-dist/tex/latex/biblatex/blx-case-expl3.sty
Package: blx-case-expl3 2022/02/02 v3.17 expl3 case changing code for biblatex
)))
(/usr/share/texlive/texmf-dist/tex/latex/outlines/outlines.sty
Package: outlines 2012/1/23 1.1 Ch. Pecheur
)
(/usr/share/texlive/texmf-dist/tex/generic/ulem/ulem.sty
\UL@box=\box123
\UL@hyphenbox=\box124
\UL@skip=\skip349
\UL@hook=\toks61
\UL@height=\dimen312
\UL@pe=\count557
\UL@pixel=\dimen313
\ULC@box=\box125
Package: ulem 2019/11/18
\ULdepth=\dimen314
)
(/usr/share/texlive/texmf-dist/tex/latex/caption/caption.sty
Package: caption 2020/10/26 v3.5g Customizing captions (AR)

(/usr/share/texlive/texmf-dist/tex/latex/caption/caption3.sty
Package: caption3 2020/10/21 v2.2e caption3 kernel (AR)
\captionmargin=\dimen315
\captionmargin@=\dimen316
\captionwidth=\dimen317
\caption@tempdima=\dimen318
\caption@indent=\dimen319
\caption@parindent=\dimen320
\caption@hangindent=\dimen321
Package caption Info: memoir document class detected.

(/usr/share/texlive/texmf-dist/tex/latex/caption/caption-memoir.sto
File: caption-memoir.sto 2020/10/10 v2.1 Adaption of the caption package to the
 memoir document class (AR)
))
\c@caption@flags=\count558
\c@continuedfloat=\count559
Package caption Info: changepage package is loaded.
\caption@adjustwidth@hsize=\dimen322
\caption@adjustwidth@linewidth=\dimen323
Package caption Info: hyperref package is loaded.
Package caption Info: longtable package is loaded.

(/usr/share/texlive/texmf-dist/tex/latex/caption/ltcaption.sty
Package: ltcaption 2020/05/30 v1.4b longtable captions (AR)
)
Package caption Info: supertabular package is loaded.
)
(/usr/share/texlive/texmf-dist/tex/latex/makecell/makecell.sty
Package: makecell 2009/08/03 V0.1e Managing of Tab Column Heads and Cells
\rotheadsize=\dimen324
\c@nlinenum=\count560
\TeXr@lab=\toks62
)
(/usr/share/texlive/texmf-dist/tex/latex/lipsum/lipsum.sty
(/usr/share/texlive/texmf-dist/tex/latex/l3packages/l3keys2e/l3keys2e.sty
Package: l3keys2e 2022-01-12 LaTeX2e option processing using LaTeX3 keys
)
Package: lipsum 2021-09-20 v2.7 150 paragraphs of Lorem Ipsum dummy text
\g__lipsum_par_int=\count561
\l__lipsum_a_int=\count562
\l__lipsum_b_int=\count563

(/usr/share/texlive/texmf-dist/tex/latex/lipsum/lipsum.ltd.tex))
(/usr/share/texlive/texmf-dist/tex/latex/graphics/lscape.sty
Package: lscape 2020/05/28 v3.02 Landscape Pages (DPC)
)
(/usr/share/texlive/texmf-dist/tex/latex/colortbl/colortbl.sty
Package: colortbl 2020/01/04 v1.0e Color table columns (DPC)
\everycr=\toks63
\minrowclearance=\skip350
)
Package hyperref Info: Option `colorlinks' set `true' on input line 24.
\c@subfigure=\count564
\cftbeforesubfigureskip=\skip351
\cftsubfigureindent=\skip352
\cftsubfigurenumwidth=\skip353
LaTeX Font Info:    Trying to load font information for T1+ntxtlf on input line
 42.

(/home/eu/texmf/tex/latex/newtx/tex/t1ntxtlf.fd
File: t1ntxtlf.fd 2021/05/24 v1.1 font definition file for T1/ntx/tlf
)
LaTeX Font Info:    Font shape `T1/ntxtlf/m/n' will be
(Font)              scaled to size 12.0pt on input line 42.
Package csquotes Info: Checking for multilingual support...
Package csquotes Info: ... found 'babel' package.
Package csquotes Info: Adjusting default style.
Package csquotes Info: Redefining alias 'default' -> 'brazil'.


LaTeX Warning: Unused global option(s):
    [acronym].

(build/main.aux (./texto/introducao.aux))
\openout1 = `main.aux'.

LaTeX Font Info:    Checking defaults for OML/cmm/m/it on input line 42.
LaTeX Font Info:    ... okay on input line 42.
LaTeX Font Info:    Checking defaults for OMS/cmsy/m/n on input line 42.
LaTeX Font Info:    ... okay on input line 42.
LaTeX Font Info:    Checking defaults for OT1/cmr/m/n on input line 42.
LaTeX Font Info:    ... okay on input line 42.
LaTeX Font Info:    Checking defaults for T1/cmr/m/n on input line 42.
LaTeX Font Info:    ... okay on input line 42.
LaTeX Font Info:    Checking defaults for TS1/cmr/m/n on input line 42.
LaTeX Font Info:    ... okay on input line 42.
LaTeX Font Info:    Checking defaults for OMX/cmex/m/n on input line 42.
LaTeX Font Info:    ... okay on input line 42.
LaTeX Font Info:    Checking defaults for U/cmr/m/n on input line 42.
LaTeX Font Info:    ... okay on input line 42.
LaTeX Font Info:    Checking defaults for PD1/pdf/m/n on input line 42.
LaTeX Font Info:    ... okay on input line 42.
LaTeX Font Info:    Checking defaults for PU/pdf/m/n on input line 42.
LaTeX Font Info:    ... okay on input line 42.

(/usr/share/texlive/texmf-dist/tex/context/base/mkii/supp-pdf.mkii
[Loading MPS to PDF converter (version 2006.09.02).]
\scratchcounter=\count565
\scratchdimen=\dimen325
\scratchbox=\box126
\nofMPsegments=\count566
\nofMParguments=\count567
\everyMPshowfont=\toks64
\MPscratchCnt=\count568
\MPscratchDim=\dimen326
\MPnumerator=\count569
\makeMPintoPDFobject=\count570
\everyMPtoPDFconversion=\toks65
) (/usr/share/texlive/texmf-dist/tex/latex/epstopdf-pkg/epstopdf-base.sty
Package: epstopdf-base 2020-01-24 v2.11 Base part for package epstopdf
Package epstopdf-base Info: Redefining graphics rule for `.eps' on input line 4
85.

(/usr/share/texlive/texmf-dist/tex/latex/latexconfig/epstopdf-sys.cfg
File: epstopdf-sys.cfg 2010/07/13 v1.3 Configuration of (r)epstopdf for TeX Liv
e
))
\c@mv@tabular=\count571
\c@mv@boldtabular=\count572
LaTeX Info: Redefining \microtypecontext on input line 42.
Package microtype Info: Applying patch `item' on input line 42.
Package microtype Info: Applying patch `toc' on input line 42.
Package microtype Info: Applying patch `eqnum' on input line 42.
Package microtype Info: Applying patch `footnote' on input line 42.
Package microtype Info: Generating PDF output.
Package microtype Info: Character protrusion enabled (level 2).
Package microtype Info: Using default protrusion set `alltext'.
Package microtype Info: Automatic font expansion enabled (level 2),
(microtype)             stretch: 20, shrink: 20, step: 1, non-selected.
Package microtype Info: Using default expansion set `alltext-nott'.
LaTeX Info: Redefining \showhyphens on input line 42.
Package microtype Info: No adjustment of tracking.
Package microtype Info: No adjustment of interword spacing.
Package microtype Info: No adjustment of character kerning.

(/usr/share/texlive/texmf-dist/tex/latex/microtype/mt-ptm.cfg
File: mt-ptm.cfg 2006/04/20 v1.7 microtype config. file: Times (RS)
)
(/usr/share/texlive/texmf-dist/tex/latex/pdflscape/pdflscape.sty
Package: pdflscape 2019/12/05 v0.12 Display of landscape pages in PDF (HO)
Package pdflscape Info: Auto-detected driver: pdftex on input line 81.
)
Package hyperref Info: Link coloring ON on input line 42.

(/usr/share/texlive/texmf-dist/tex/latex/hyperref/nameref.sty
Package: nameref 2021-04-02 v2.47 Cross-referencing by name of section

(/usr/share/texlive/texmf-dist/tex/latex/refcount/refcount.sty
Package: refcount 2019/12/15 v3.6 Data extraction from label references (HO)
)
(/usr/share/texlive/texmf-dist/tex/generic/gettitlestring/gettitlestring.sty
Package: gettitlestring 2019/12/15 v1.6 Cleanup title references (HO)
)
\c@section@level=\count573
)
Redoing nameref's sectioning
Redoing nameref's label
LaTeX Info: Redefining \nameref on input line 42.
LaTeX Info: Redefining \ref on input line 42.
LaTeX Info: Redefining \pageref on input line 42.
LaTeX Info: Redefining \nameref on input line 42.
(build/main.out) (build/main.out)
\@outlinefile=\write21
\openout4 = `main.out'.

Package biblatex Info: Trying to load language 'brazil' -> 'brazil-abnt'...
Package biblatex Info: ... file 'brazil-abnt.lbx' found.

(/usr/share/texlive/texmf-dist/tex/latex/biblatex-abnt/brazil-abnt.lbx
File: brazil-abnt.lbx 2018-11-17 v3.4 ABNT BibLaTeX citation style


Package biblatex Warning: File 'brazilian-abnt-abnt.lbx' not found!
(biblatex)                Ignoring mapping 'brazilian-abnt' -> 'brazilian-abnt-
abnt'.

Package biblatex Info: Trying to load language 'brazilian-abnt'...
Package biblatex Info: ... file 'brazilian-abnt.lbx' found.
(/usr/share/texlive/texmf-dist/tex/latex/biblatex-abnt/brazilian-abnt.lbx
File: brazilian-abnt.lbx 2018-11-17 v3.4 ABNT BibLaTeX citation style
Package biblatex Info: Trying to load language 'brazilian' -> 'brazilian-abnt'.
..
Package biblatex Info: ... file 'brazilian-abnt.lbx' found.

(/usr/share/texlive/texmf-dist/tex/latex/biblatex-abnt/brazilian-abnt.lbx
File: brazilian-abnt.lbx 2018-11-17 v3.4 ABNT BibLaTeX citation style
Package biblatex Info: Trying to load language 'brazilian'...
Package biblatex Info: ... file 'brazilian.lbx' found.

(/usr/share/texlive/texmf-dist/tex/latex/biblatex/lbx/brazilian.lbx
File: brazilian.lbx 2022/02/02 v3.17 biblatex localization (PK/MW)
)))
Package biblatex Info: Trying to load language 'brazilian-abnt'...
Package biblatex Info: ... file 'brazilian-abnt.lbx' found.

(/usr/share/texlive/texmf-dist/tex/latex/biblatex-abnt/brazilian-abnt.lbx
File: brazilian-abnt.lbx 2018-11-17 v3.4 ABNT BibLaTeX citation style
Package biblatex Info: Trying to load language 'brazilian' -> 'brazilian-abnt'.
..
Package biblatex Info: ... file 'brazilian-abnt.lbx' found.

(/usr/share/texlive/texmf-dist/tex/latex/biblatex-abnt/brazilian-abnt.lbx
File: brazilian-abnt.lbx 2018-11-17 v3.4 ABNT BibLaTeX citation style
Package biblatex Info: Trying to load language 'brazilian'...
Package biblatex Info: ... file 'brazilian.lbx' found.

(/usr/share/texlive/texmf-dist/tex/latex/biblatex/lbx/brazilian.lbx
File: brazilian.lbx 2022/02/02 v3.17 biblatex localization (PK/MW)
)
Package biblatex Info: Trying to load language 'brazil'...
Package biblatex Info: ... file 'brazil.lbx' found.

(/usr/share/texlive/texmf-dist/tex/latex/biblatex/lbx/brazil.lbx
File: brazil.lbx 2022/02/02 v3.17 biblatex localization (PK/MW)
Package biblatex Info: Trying to load language 'brazilian'...
Package biblatex Info: ... file 'brazilian.lbx' found.

(/usr/share/texlive/texmf-dist/tex/latex/biblatex/lbx/brazilian.lbx
File: brazilian.lbx 2022/02/02 v3.17 biblatex localization (PK/MW)
)))
Package biblatex Info: Trying to load language 'brazil'...
Package biblatex Info: ... file 'brazil.lbx' found.

(/usr/share/texlive/texmf-dist/tex/latex/biblatex/lbx/brazil.lbx
File: brazil.lbx 2022/02/02 v3.17 biblatex localization (PK/MW)
Package biblatex Info: Trying to load language 'brazilian' -> 'brazilian-abnt'.
..
Package biblatex Info: ... file 'brazilian-abnt.lbx' found.

(/usr/share/texlive/texmf-dist/tex/latex/biblatex-abnt/brazilian-abnt.lbx
File: brazilian-abnt.lbx 2018-11-17 v3.4 ABNT BibLaTeX citation style
Package biblatex Info: Trying to load language 'brazilian'...
Package biblatex Info: ... file 'brazilian.lbx' found.

(/usr/share/texlive/texmf-dist/tex/latex/biblatex/lbx/brazilian.lbx
File: brazilian.lbx 2022/02/02 v3.17 biblatex localization (PK/MW)
)
Package biblatex Info: Trying to load language 'brazil'...
Package biblatex Info: ... file 'brazil.lbx' found.

(/usr/share/texlive/texmf-dist/tex/latex/biblatex/lbx/brazil.lbx
File: brazil.lbx 2022/02/02 v3.17 biblatex localization (PK/MW)
Package biblatex Info: Trying to load language 'brazilian'...
Package biblatex Info: ... file 'brazilian.lbx' found.

(/usr/share/texlive/texmf-dist/tex/latex/biblatex/lbx/brazilian.lbx
File: brazilian.lbx 2022/02/02 v3.17 biblatex localization (PK/MW)
))))))
Package biblatex Info: Trying to load language 'english' -> 'english-abnt'...
Package biblatex Info: ... file 'english-abnt.lbx' found.

(/usr/share/texlive/texmf-dist/tex/latex/biblatex-abnt/english-abnt.lbx
File: english-abnt.lbx 2018-11-17 v3.4 ABNT BibLaTeX citation style
Package biblatex Info: Trying to load language 'english'...
Package biblatex Info: ... file 'english.lbx' found.

(/usr/share/texlive/texmf-dist/tex/latex/biblatex/lbx/english.lbx
File: english.lbx 2022/02/02 v3.17 biblatex localization (PK/MW)
)
Package biblatex Info: Trying to load language 'english'...
Package biblatex Info: ... file 'english.lbx' found.

(/usr/share/texlive/texmf-dist/tex/latex/biblatex/lbx/english.lbx
File: english.lbx 2022/02/02 v3.17 biblatex localization (PK/MW)
)
Package biblatex Info: Trying to load language 'english'...
Package biblatex Info: ... file 'english.lbx' found.

(/usr/share/texlive/texmf-dist/tex/latex/biblatex/lbx/english.lbx
File: english.lbx 2022/02/02 v3.17 biblatex localization (PK/MW)
))
Package biblatex Info: Input encoding 'utf8' detected.
Package biblatex Info: Automatic encoding selection.
(biblatex)             Assuming data encoding 'utf8'.
Package biblatex Info: Input encoding 'ascii' forced by
(biblatex)             'safeinputenc' option.
\openout4 = `main.bcf'.

\openout4 = `main.mw'.

\openout4 = `main.mw'.

Package biblatex Info: Trying to load bibliographic data...
Package biblatex Info: ... file 'main.bbl' found.
 (./main.bbl)
Package biblatex Info: Reference section=0 on input line 42.
Package biblatex Info: Reference segment=0 on input line 42.
Package caption Info: Begin \AtBeginDocument code.
Package caption Info: End \AtBeginDocument code.
LaTeX Font Info:    Font shape `T1/ntxtlf/b/n' will be
(Font)              scaled to size 12.0pt on input line 44.
\openout4 = `main.mw'.

 [1

] (build/main.mw)
\openout4 = `main.mw'.

LaTeX Font Info:    Font shape `T1/ntxtlf/m/it' will be
(Font)              scaled to size 12.0pt on input line 47.
\openout4 = `main.mw'.

 [2


] (build/main.mw)
\openout4 = `main.mw'.

\openout4 = `main.mw'.

 [3


] (build/main.mw)
\openout4 = `main.mw'.

 (./main.lof
LaTeX Font Info:    Trying to load font information for OT1+lmr on input line 1
1.

(/usr/share/texmf/tex/latex/lm/ot1lmr.fd
File: ot1lmr.fd 2009/10/30 v1.6 Font defs for Latin Modern
)
(/usr/share/texlive/texmf-dist/tex/latex/microtype/mt-cmr.cfg
File: mt-cmr.cfg 2013/05/19 v2.2 microtype config. file: Computer Modern Roman 
(RS)
)
LaTeX Font Info:    Trying to load font information for OML+lmm on input line 1
1.

(/usr/share/texmf/tex/latex/lm/omllmm.fd
File: omllmm.fd 2009/10/30 v1.6 Font defs for Latin Modern
)
LaTeX Font Info:    Trying to load font information for OMS+lmsy on input line 
11.

(/usr/share/texmf/tex/latex/lm/omslmsy.fd
File: omslmsy.fd 2009/10/30 v1.6 Font defs for Latin Modern
)
LaTeX Font Info:    Trying to load font information for OMX+lmex on input line 
11.

(/usr/share/texmf/tex/latex/lm/omxlmex.fd
File: omxlmex.fd 2009/10/30 v1.6 Font defs for Latin Modern
)
LaTeX Font Info:    External font `lmex10' loaded for size
(Font)              <12> on input line 11.
LaTeX Font Info:    External font `lmex10' loaded for size
(Font)              <8> on input line 11.
LaTeX Font Info:    External font `lmex10' loaded for size
(Font)              <6> on input line 11.
)
\openout4 = `main.mw'.

 [4


] (build/main.mw)
\openout4 = `main.mw'.

 (./main.lot)
\openout4 = `main.mw'.


[5


] (build/main.mw)
\openout4 = `main.mw'.

 (./main.toc
LaTeX Font Info:    Font shape `T1/ntxtlf/b/it' will be
(Font)              scaled to size 12.0pt on input line 22.
)
\openout4 = `main.mw'.

 [6


] (build/main.mw)
\openout4 = `main.mw'.


! I can't write on file `texto/introducao.aux'.
<to be read again> 
                   \scan_stop: 
l.70 \include{texto/introducao}
                               
(Press Enter to retry, or Control-D to exit; default file extension is `.tex')
Please type another output file name
! Emergency stop.
<to be read again> 
                   \scan_stop: 
l.70 \include{texto/introducao}
                               
*** (job aborted, file error in nonstop mode)

 
Here is how much of TeX's memory you used:
 43827 strings out of 480154
 784309 string characters out of 5893789
 2049997 words of memory out of 5000000
 61003 multiletter control sequences out of 15000+600000
 495594 words of font info for 67 fonts, out of 8000000 for 9000
 61 hyphenation exceptions out of 8191
 121i,10n,119p,1149b,4444s stack positions out of 5000i,500n,10000p,200000b,80000s
!  ==> Fatal error occurred, no output PDF file produced!
